============================================================
Program for calculation of partial differential equations.  
============================================================
(c) Dr. Thomas Ludwig, TU München.
    Thomas A. Zochler, TU München.
    Andreas C. Schmidt, TU München.
============================================================

Berechnungszeit:    19.550639 s 
Speicherbedarf:     1.071548 MiB
Berechnungsmethode: Jacobi
Interlines:         32
Stoerfunktion:      f(x,y) = 2pi^2*sin(pi*x)sin(pi*y)
Terminierung:       Anzahl der Iterationen
Anzahl Iterationen: 10000
Norm des Fehlers:   3.488065e-05

Matrix:
 0.0000 0.0000 0.0000 0.0000 0.0000 0.0000 0.0000 0.0000 0.0000
 0.0000 0.0743 0.1373 0.1794 0.1942 0.1794 0.1373 0.0743 0.0000
 0.0000 0.1373 0.2537 0.3315 0.3588 0.3315 0.2537 0.1373 0.0000
 0.0000 0.1794 0.3315 0.4331 0.4688 0.4331 0.3315 0.1794 0.0000
 0.0000 0.1942 0.3588 0.4688 0.5074 0.4688 0.3588 0.1942 0.0000
 0.0000 0.1794 0.3315 0.4331 0.4688 0.4331 0.3315 0.1794 0.0000
 0.0000 0.1373 0.2537 0.3315 0.3588 0.3315 0.2537 0.1373 0.0000
 0.0000 0.0743 0.1373 0.1794 0.1942 0.1794 0.1373 0.0743 0.0000
 0.0000 0.0000 0.0000 0.0000 0.0000 0.0000 0.0000 0.0000 0.0000
